<?xml version="1.0" encoding="UTF-8" standalone="yes"?>
<TaskModel xmlns="http://giove.isti.cnr.it/ctt" xmlns:coop="http://giove.isti.cnr.it/cttcoop" NameTaskModelID="Root">
    <Task Identifier="Root" Category="abstraction" Iterative="false" Optional="false" PartOfCooperation="false">
        <Type>null</Type>
        <SubTask>
            <Task Identifier="T1" Category="interaction" Iterative="false" Optional="false" PartOfCooperation="false" Frequency="null">
                <Name> null </Name>
                <Type>null</Type>
                <Description> null </Description>
                <TemporalOperator name="SequentialEnabling"/>
                <Parent name="Root"/>
                <SiblingRight name="T2"/>
            </Task>
            <Task Identifier="T2" Category="application" Iterative="false" Optional="false" PartOfCooperation="false" Frequency="null">
                <Name> null </Name>
                <Type>null</Type>
                <Description> null </Description>
                <TemporalOperator name="SequentialEnabling"/>
                <Parent name="Root"/>
                <SiblingLeft name="T1"/>
                <SiblingRight name="T3"/>
            </Task>
            <Task Identifier="T3" Category="abstraction" Iterative="true" Optional="false" PartOfCooperation="false" Frequency="null">
                <Name> null </Name>
                <Type>null</Type>
                <Description> null </Description>
                <TemporalOperator name="Disabling"/>
                <Parent name="Root"/>
                <SiblingLeft name="T2"/>
                <SiblingRight name="T4"/>
                <SubTask>
                    <Task Identifier="T31" Category="application" Iterative="false" Optional="false" PartOfCooperation="false" Frequency="null">
                        <Name> null </Name>
                        <Type>null</Type>
                        <Description> null </Description>
                        <TemporalOperator name="SequentialEnablingInfo"/>
                        <Parent name="T3"/>
                        <SiblingRight name="T32"/>
                    </Task>
                    <Task Identifier="T32" Category="interaction" Iterative="false" Optional="false" PartOfCooperation="false" Frequency="null">
                        <Name> null </Name>
                        <Type>null</Type>
                        <Description> null </Description>
                        <TemporalOperator name="SuspendResume"/>
                        <Parent name="T3"/>
                        <SiblingLeft name="T31"/>
                        <SiblingRight name="T33"/>
                    </Task>
                    <Task Identifier="T33" Category="user" Iterative="false" Optional="false" PartOfCooperation="false" Frequency="null">
                        <Name> null </Name>
                        <Type>null</Type>
                        <Description> null </Description>
                        <TemporalOperator name="SequentialEnabling"/>
                        <Parent name="T3"/>
                        <SiblingLeft name="T32"/>
                        <SiblingRight name="T34"/>
                        <SubTask>
                            <Task Identifier="T331" Category="user" Iterative="false" Optional="false" PartOfCooperation="false" Frequency="null">
<Name> null </Name>
<Type>null</Type>
<Description> null </Description>
<TemporalOperator name="Choice"/>
<Parent name="T33"/>
<SiblingRight name="T332"/>
                            </Task>
                            <Task Identifier="T332" Category="user" Iterative="false" Optional="false" PartOfCooperation="false" Frequency="null">
<Name> null </Name>
<Type>null</Type>
<Description> null </Description>
<TemporalOperator name="SequentialEnablingInfo"/>
<Parent name="T33"/>
<SiblingLeft name="T331"/>
<SiblingRight name="T333"/>
                            </Task>
                            <Task Identifier="T333" Category="user" Iterative="false" Optional="true" PartOfCooperation="false" Frequency="null">
<Name> null </Name>
<Type>null</Type>
<Description> null </Description>
<Parent name="T33"/>
<SiblingLeft name="T332"/>
                            </Task>
                        </SubTask>
                    </Task>
                    <Task Identifier="T34" Category="interaction" Iterative="false" Optional="true" PartOfCooperation="false" Frequency="null">
                        <Name> null </Name>
                        <Type>null</Type>
                        <Description> null </Description>
                        <TemporalOperator name="SequentialEnablingInfo"/>
                        <Parent name="T3"/>
                        <SiblingLeft name="T33"/>
                        <SiblingRight name="T35"/>
                    </Task>
                    <Task Identifier="T35" Category="application" Iterative="false" Optional="false" PartOfCooperation="false" Frequency="null">
                        <Name> null </Name>
                        <Type>null</Type>
                        <Description> null </Description>
                        <TemporalOperator name="Choice"/>
                        <Parent name="T3"/>
                        <SiblingLeft name="T34"/>
                        <SiblingRight name="T36"/>
                    </Task>
                    <Task Identifier="T36" Category="application" Iterative="false" Optional="false" PartOfCooperation="false" Frequency="null">
                        <Name> null </Name>
                        <Type>null</Type>
                        <Description> null </Description>
                        <Parent name="T3"/>
                        <SiblingLeft name="T35"/>
                    </Task>
                </SubTask>
            </Task>
            <Task Identifier="T4" Category="interaction" Iterative="false" Optional="false" PartOfCooperation="false" Frequency="null">
                <Name> null </Name>
                <Type>null</Type>
                <Description> null </Description>
                <Parent name="Root"/>
                <SiblingLeft name="T3"/>
            </Task>
        </SubTask>
    </Task>
</TaskModel>
